<?xml version="1.0" encoding="UTF-8"?>
<!-- Generated by org.testng.reporters.JUnitXMLReporter -->
<testsuite ignored="0" hostname="DESKTOP-KSSBRFH" failures="0" tests="23" name="Test" time="169.662" errors="0" timestamp="2024-10-19T23:44:48 IST">
  <testcase classname="testCases.Cart_Page_Test" name="verifyCartContinueBtnTest" time="1.704"/>
  <testcase classname="testCases.Cart_Page_Test" name="verifyCartDescTest" time="0.126"/>
  <testcase classname="testCases.Cart_Page_Test" name="verifyCartFbLogoTest" time="0.094"/>
  <testcase classname="testCases.Cart_Page_Test" name="verifyCartFooterTest" time="0.206"/>
  <testcase classname="testCases.Cart_Page_Test" name="verifyCartItemNameTest" time="0.283"/>
  <testcase classname="testCases.Cart_Page_Test" name="verifyCartLabelTest" time="0.138"/>
  <testcase classname="testCases.Cart_Page_Test" name="verifyCartLinkedinLogoTest" time="0.074"/>
  <testcase classname="testCases.Cart_Page_Test" name="verifyCartQtyTest" time="0.107"/>
  <testcase classname="testCases.Cart_Page_Test" name="verifyCartQuantityTest" time="0.108"/>
  <testcase classname="testCases.Cart_Page_Test" name="verifyCartRemoveBtnTest" time="0.158"/>
  <testcase classname="testCases.Cart_Page_Test" name="verifyCartTitleTest" time="0.072"/>
  <testcase classname="testCases.Cart_Page_Test" name="verifyCartTwitterLogoTest" time="0.084"/>
  <testcase classname="testCases.Cart_Page_Test" name="verifyCartURLTest" time="0.057"/>
  <testcase classname="testCases.Cart_Page_Test" name="verifyCheckOutBtnTest" time="0.204"/>
  <testcase classname="testCases.CheckOut_Page_One_Test" name="InputInformation" time="0.65"/>
  <testcase classname="testCases.CheckOut_Page_One_Test" name="verifyCheckLabelTest" time="0.037"/>
  <testcase classname="testCases.LoginTest" name="loginToApplication" time="0.914"/>
  <testcase classname="testCases.LoginTest" name="verifyTitleOfApplicationTest" time="0.113"/>
  <testcase classname="testCases.LoginTest" name="verifyURLOfApplicationTest" time="0.161"/>
  <testcase classname="testCases.InventoryPageTest" name="add6ProductsTest" time="1.072"/>
  <testcase classname="testCases.InventoryPageTest" name="remove2Products" time="1.038"/>
  <testcase classname="testCases.InventoryPageTest" name="verifyTitleOfInventoryPageTest" time="0.128"/>
  <testcase classname="testCases.InventoryPageTest" name="verifyTwitterLogoTest" time="0.071"/>
</testsuite> <!-- Test -->
