<?xml version="1.0" encoding="UTF-8"?>
<!-- Generated by org.testng.reporters.JUnitXMLReporter -->
<testsuite ignored="0" hostname="DESKTOP-KSSBRFH" failures="0" tests="5" name="Default test" time="30.494" errors="0" timestamp="2024-10-23T20:52:40 IST">
  <testcase classname="testCases.Checkout_Complete_Page_Test" name="verifyBackHomeBtn1" time="0.104"/>
  <testcase classname="testCases.Checkout_Complete_Page_Test" name="verifyLastPageLabel" time="0.034"/>
  <testcase classname="testCases.Checkout_Complete_Page_Test" name="verifyLastPageTitle" time="0.009"/>
  <testcase classname="testCases.Checkout_Complete_Page_Test" name="verifyLastPageURL" time="0.012"/>
  <testcase classname="testCases.Checkout_Complete_Page_Test" name="verifyPony" time="0.058"/>
</testsuite> <!-- Default test -->
