<?xml version="1.0" encoding="UTF-8"?>
<!-- Generated by org.testng.reporters.JUnitXMLReporter -->
<testsuite ignored="0" hostname="DESKTOP-KSSBRFH" failures="0" tests="10" name="Test" time="59.422" errors="0" timestamp="2024-10-15T16:20:07 IST">
  <testcase classname="testCases.Cart_Page_Test" name="verifyCheckOutBtnTest" time="0.13"/>
  <testcase classname="testCases.CheckOut_Page_One_Test" name="InputInformation" time="0.488"/>
  <testcase classname="testCases.CheckOut_Page_One_Test" name="verifyCheckLabelTest" time="0.034"/>
  <testcase classname="testCases.LoginTest" name="loginToApplication" time="1.607"/>
  <testcase classname="testCases.LoginTest" name="verifyTitleOfApplicationTest" time="0.107"/>
  <testcase classname="testCases.LoginTest" name="verifyURLOfApplicationTest" time="0.101"/>
  <testcase classname="testCases.InventoryPageTest" name="add6ProductsTest" time="0.804"/>
  <testcase classname="testCases.InventoryPageTest" name="remove2Products" time="0.953"/>
  <testcase classname="testCases.InventoryPageTest" name="verifyTitleOfInventoryPageTest" time="0.068"/>
  <testcase classname="testCases.InventoryPageTest" name="verifyTwitterLogoTest" time="0.089"/>
</testsuite> <!-- Test -->
