<?xml version="1.0" encoding="UTF-8"?>
<testng-results ignored="0" total="5" passed="5" failed="0" skipped="0">
  <reporter-output>
  </reporter-output>
  <suite started-at="2024-10-23T20:52:10 IST" name="Default suite" finished-at="2024-10-23T20:52:40 IST" duration-ms="30494">
    <groups>
    </groups>
    <test started-at="2024-10-23T20:52:10 IST" name="Default test" finished-at="2024-10-23T20:52:40 IST" duration-ms="30494">
      <class name="testCases.Checkout_Complete_Page_Test">
        <test-method is-config="true" signature="setUp()[pri:0, instance:testCases.Checkout_Complete_Page_Test@a307a8c]" started-at="2024-10-23T20:52:10 IST" name="setUp" finished-at="2024-10-23T20:52:17 IST" duration-ms="7053" status="PASS">
          <reporter-output>
          </reporter-output>
        </test-method> <!-- setUp -->
        <test-method signature="verifyBackHomeBtn1()[pri:0, instance:testCases.Checkout_Complete_Page_Test@a307a8c]" started-at="2024-10-23T20:52:17 IST" name="verifyBackHomeBtn1" finished-at="2024-10-23T20:52:17 IST" duration-ms="104" status="PASS">
          <reporter-output>
          </reporter-output>
        </test-method> <!-- verifyBackHomeBtn1 -->
        <test-method is-config="true" signature="closeBrowser()[pri:0, instance:testCases.Checkout_Complete_Page_Test@a307a8c]" started-at="2024-10-23T20:52:17 IST" name="closeBrowser" finished-at="2024-10-23T20:52:17 IST" duration-ms="206" status="PASS">
          <reporter-output>
          </reporter-output>
        </test-method> <!-- closeBrowser -->
        <test-method is-config="true" signature="setUp()[pri:0, instance:testCases.Checkout_Complete_Page_Test@a307a8c]" started-at="2024-10-23T20:52:17 IST" name="setUp" finished-at="2024-10-23T20:52:23 IST" duration-ms="5493" status="PASS">
          <reporter-output>
          </reporter-output>
        </test-method> <!-- setUp -->
        <test-method signature="verifyLastPageLabel()[pri:0, instance:testCases.Checkout_Complete_Page_Test@a307a8c]" started-at="2024-10-23T20:52:23 IST" name="verifyLastPageLabel" finished-at="2024-10-23T20:52:23 IST" duration-ms="34" status="PASS">
          <reporter-output>
          </reporter-output>
        </test-method> <!-- verifyLastPageLabel -->
        <test-method is-config="true" signature="closeBrowser()[pri:0, instance:testCases.Checkout_Complete_Page_Test@a307a8c]" started-at="2024-10-23T20:52:23 IST" name="closeBrowser" finished-at="2024-10-23T20:52:23 IST" duration-ms="177" status="PASS">
          <reporter-output>
          </reporter-output>
        </test-method> <!-- closeBrowser -->
        <test-method is-config="true" signature="setUp()[pri:0, instance:testCases.Checkout_Complete_Page_Test@a307a8c]" started-at="2024-10-23T20:52:23 IST" name="setUp" finished-at="2024-10-23T20:52:28 IST" duration-ms="5440" status="PASS">
          <reporter-output>
          </reporter-output>
        </test-method> <!-- setUp -->
        <test-method signature="verifyLastPageTitle()[pri:0, instance:testCases.Checkout_Complete_Page_Test@a307a8c]" started-at="2024-10-23T20:52:28 IST" name="verifyLastPageTitle" finished-at="2024-10-23T20:52:28 IST" duration-ms="9" status="PASS">
          <reporter-output>
          </reporter-output>
        </test-method> <!-- verifyLastPageTitle -->
        <test-method is-config="true" signature="closeBrowser()[pri:0, instance:testCases.Checkout_Complete_Page_Test@a307a8c]" started-at="2024-10-23T20:52:28 IST" name="closeBrowser" finished-at="2024-10-23T20:52:29 IST" duration-ms="144" status="PASS">
          <reporter-output>
          </reporter-output>
        </test-method> <!-- closeBrowser -->
        <test-method is-config="true" signature="setUp()[pri:0, instance:testCases.Checkout_Complete_Page_Test@a307a8c]" started-at="2024-10-23T20:52:29 IST" name="setUp" finished-at="2024-10-23T20:52:34 IST" duration-ms="5727" status="PASS">
          <reporter-output>
          </reporter-output>
        </test-method> <!-- setUp -->
        <test-method signature="verifyLastPageURL()[pri:0, instance:testCases.Checkout_Complete_Page_Test@a307a8c]" started-at="2024-10-23T20:52:34 IST" name="verifyLastPageURL" finished-at="2024-10-23T20:52:34 IST" duration-ms="12" status="PASS">
          <reporter-output>
          </reporter-output>
        </test-method> <!-- verifyLastPageURL -->
        <test-method is-config="true" signature="closeBrowser()[pri:0, instance:testCases.Checkout_Complete_Page_Test@a307a8c]" started-at="2024-10-23T20:52:34 IST" name="closeBrowser" finished-at="2024-10-23T20:52:35 IST" duration-ms="189" status="PASS">
          <reporter-output>
          </reporter-output>
        </test-method> <!-- closeBrowser -->
        <test-method is-config="true" signature="setUp()[pri:0, instance:testCases.Checkout_Complete_Page_Test@a307a8c]" started-at="2024-10-23T20:52:35 IST" name="setUp" finished-at="2024-10-23T20:52:40 IST" duration-ms="5556" status="PASS">
          <reporter-output>
          </reporter-output>
        </test-method> <!-- setUp -->
        <test-method signature="verifyPony()[pri:0, instance:testCases.Checkout_Complete_Page_Test@a307a8c]" started-at="2024-10-23T20:52:40 IST" name="verifyPony" finished-at="2024-10-23T20:52:40 IST" duration-ms="58" status="PASS">
          <reporter-output>
          </reporter-output>
        </test-method> <!-- verifyPony -->
        <test-method is-config="true" signature="closeBrowser()[pri:0, instance:testCases.Checkout_Complete_Page_Test@a307a8c]" started-at="2024-10-23T20:52:40 IST" name="closeBrowser" finished-at="2024-10-23T20:52:40 IST" duration-ms="222" status="PASS">
          <reporter-output>
          </reporter-output>
        </test-method> <!-- closeBrowser -->
      </class> <!-- testCases.Checkout_Complete_Page_Test -->
    </test> <!-- Default test -->
  </suite> <!-- Default suite -->
</testng-results>
