<?xml version="1.0" encoding="UTF-8"?>
<!-- Generated by org.testng.reporters.JUnitXMLReporter -->
<testsuite ignored="16" hostname="DESKTOP-KSSBRFH" failures="0" tests="8" name="Groups_Test" time="62.834" errors="0" timestamp="2024-10-20T17:42:06 IST">
  <testcase classname="testCases.Cart_Page_Test" name="verifyCheckOutBtnTest" time="1.667"/>
  <testcase classname="testCases.CheckOut_Page_One_Test" name="InputInformation" time="0.709"/>
  <testcase classname="testCases.CheckOut_Page_One_Test" name="verifyCheckLabelTest" time="0.062"/>
  <testcase classname="testCases.LoginTest" name="verifyURLOfApplicationTest" time="0.158"/>
  <testcase classname="testCases.InventoryPageTest" name="add6ProductsTest" time="1.185"/>
  <testcase classname="testCases.InventoryPageTest" name="remove2Products" time="1.207"/>
  <testcase classname="testCases.InventoryPageTest" name="verifyTitleOfInventoryPageTest" time="0.093"/>
  <testcase classname="testCases.InventoryPageTest" name="verifyTwitterLogoTest" time="0.105"/>
  <testcase classname="testCases.Cart_Page_Test" name="verifyCartTwitterLogoTest" time="0.0">
    <ignored/>
  </testcase> <!-- verifyCartTwitterLogoTest -->
  <testcase classname="testCases.Cart_Page_Test" name="verifyCartURLTest" time="0.0">
    <ignored/>
  </testcase> <!-- verifyCartURLTest -->
  <testcase classname="testCases.Cart_Page_Test" name="verifyCartLabelTest" time="0.0">
    <ignored/>
  </testcase> <!-- verifyCartLabelTest -->
  <testcase classname="testCases.Cart_Page_Test" name="verifyCartDescTest" time="0.0">
    <ignored/>
  </testcase> <!-- verifyCartDescTest -->
  <testcase classname="testCases.Cart_Page_Test" name="verifyCartContinueBtnTest" time="0.0">
    <ignored/>
  </testcase> <!-- verifyCartContinueBtnTest -->
  <testcase classname="testCases.Cart_Page_Test" name="verifyCartFbLogoTest" time="0.0">
    <ignored/>
  </testcase> <!-- verifyCartFbLogoTest -->
  <testcase classname="testCases.Cart_Page_Test" name="verifyCartFooterTest" time="0.0">
    <ignored/>
  </testcase> <!-- verifyCartFooterTest -->
  <testcase classname="testCases.Cart_Page_Test" name="verifyCartQtyTest" time="0.0">
    <ignored/>
  </testcase> <!-- verifyCartQtyTest -->
  <testcase classname="testCases.Cart_Page_Test" name="verifyCartRemoveBtnTest" time="0.0">
    <ignored/>
  </testcase> <!-- verifyCartRemoveBtnTest -->
  <testcase classname="testCases.Cart_Page_Test" name="verifyCartLinkedinLogoTest" time="0.0">
    <ignored/>
  </testcase> <!-- verifyCartLinkedinLogoTest -->
  <testcase classname="testCases.Cart_Page_Test" name="verifyCartTitleTest" time="0.0">
    <ignored/>
  </testcase> <!-- verifyCartTitleTest -->
  <testcase classname="testCases.Cart_Page_Test" name="verifyCartItemNameTest" time="0.0">
    <ignored/>
  </testcase> <!-- verifyCartItemNameTest -->
  <testcase classname="testCases.Cart_Page_Test" name="verifyCartQuantityTest" time="0.0">
    <ignored/>
  </testcase> <!-- verifyCartQuantityTest -->
  <testcase classname="testCases.LoginTest" name="verifyMultiCredsTest" time="0.0">
    <ignored/>
  </testcase> <!-- verifyMultiCredsTest -->
  <testcase classname="testCases.LoginTest" name="loginToApplication" time="0.0">
    <ignored/>
  </testcase> <!-- loginToApplication -->
  <testcase classname="testCases.LoginTest" name="verifyTitleOfApplicationTest" time="0.0">
    <ignored/>
  </testcase> <!-- verifyTitleOfApplicationTest -->
</testsuite> <!-- Groups_Test -->
